<?xml version="1.0" encoding="UTF-8"?>
<!-- Generated by org.testng.reporters.JUnitXMLReporter -->
<testsuite ignored="0" hostname="DESKTOP-SEKDPB4" failures="2" tests="4" name="ChromeTest" time="30.945" errors="0" timestamp="2022-09-23T18:50:02 IST">
  <testcase classname="test.TestNGClas" name="verifyContactTOHelpCenterButton" time="0.968">
    <failure type="java.lang.AssertionError" message="The following asserts failed:
	Url of Contact to HelpCenter not working expected [https://www.messenger.com/h] but found [https://www.messenger.com/help],
	Title is wrong expected [Messenger Help Cen] but found [Messenger Help Centre]">
      <![CDATA[java.lang.AssertionError: The following asserts failed:
Url of Contact to HelpCenter not working expected [https://www.messenger.com/h] but found [https://www.messenger.com/help],
Title is wrong expected [Messenger Help Cen] but found [Messenger Help Centre]
at test.TestNGClas.verifyContactTOHelpCenterButton(TestNGClas.java:76)
at java.base/java.util.ArrayList.forEach(ArrayList.java:1511)
at java.base/java.util.concurrent.FutureTask.run(FutureTask.java:264)
at java.base/java.util.concurrent.ThreadPoolExecutor.runWorker(ThreadPoolExecutor.java:1136)
at java.base/java.util.concurrent.ThreadPoolExecutor$Worker.run(ThreadPoolExecutor.java:635)
at java.base/java.lang.Thread.run(Thread.java:833)
... Removed 18 stack frames]]>
    </failure>
  </testcase> <!-- verifyContactTOHelpCenterButton -->
  <testcase classname="test.TestNGClas" name="verifyGo" time="2.538"/>
  <testcase classname="test.TestClass1" name="verifyContactTOHelpCenterButton" time="1.619">
    <failure type="java.lang.AssertionError" message="The following asserts failed:
	Url of Contact to HelpCenter not working expected [https://www.messenger.com/h] but found [https://www.messenger.com/help],
	Title is wrong expected [Messenger Help Cen] but found [Messenger Help Centre]">
      <![CDATA[java.lang.AssertionError: The following asserts failed:
Url of Contact to HelpCenter not working expected [https://www.messenger.com/h] but found [https://www.messenger.com/help],
Title is wrong expected [Messenger Help Cen] but found [Messenger Help Centre]
at test.TestClass1.verifyContactTOHelpCenterButton(TestClass1.java:78)
at java.base/java.util.ArrayList.forEach(ArrayList.java:1511)
at java.base/java.util.concurrent.FutureTask.run(FutureTask.java:264)
at java.base/java.util.concurrent.ThreadPoolExecutor.runWorker(ThreadPoolExecutor.java:1136)
at java.base/java.util.concurrent.ThreadPoolExecutor$Worker.run(ThreadPoolExecutor.java:635)
at java.base/java.lang.Thread.run(Thread.java:833)
... Removed 18 stack frames]]>
    </failure>
  </testcase> <!-- verifyContactTOHelpCenterButton -->
  <testcase classname="test.TestClass1" name="verifyGo" time="2.545"/>
</testsuite> <!-- ChromeTest -->
